#-----------------------------------------------------------
# Vivado v2020.2 (64-bit)
# SW Build 3064766 on Wed Nov 18 09:12:45 MST 2020
# IP Build 3064653 on Wed Nov 18 14:17:31 MST 2020
# Start of session at: Wed Mar 15 13:39:10 2023
# Process ID: 3324
# Current directory: C:/Users/240605/Documents/digital-electronics-1/06-counter/counter
# Command line: vivado.exe -gui_launcher_event rodinguilauncherevent10504 C:\Users\240605\Documents\digital-electronics-1\06-counter\counter\counter.xpr
# Log file: C:/Users/240605/Documents/digital-electronics-1/06-counter/counter/vivado.log
# Journal file: C:/Users/240605/Documents/digital-electronics-1/06-counter/counter\vivado.jou
#-----------------------------------------------------------
start_gui
open_project C:/Users/240605/Documents/digital-electronics-1/06-counter/counter/counter.xpr
WARNING: [filemgmt 56-3] Default IP Output Path : Could not find the directory 'C:/Users/240605/Documents/digital-electronics-1/06-counter/counter/counter.gen/sources_1'.
Scanning sources...
Finished scanning sources
INFO: [IP_Flow 19-234] Refreshing IP repositories
INFO: [IP_Flow 19-1704] No user IP repositories specified
INFO: [IP_Flow 19-2313] Loaded Vivado IP repository 'C:/appz/Xilinx/Vivado/2020.2/data/ip'.
update_compile_order -fileset sources_1
launch_simulation
Command: launch_simulation 
INFO: [Vivado 12-5682] Launching behavioral simulation in 'C:/Users/240605/Documents/digital-electronics-1/06-counter/counter/counter.sim/sim_1/behav/xsim'
INFO: [SIM-utils-51] Simulation object is 'sim_1'
INFO: [SIM-utils-54] Inspecting design source files for 'tb_cnt_up_down' in fileset 'sim_1'...
INFO: [USF-XSim-97] Finding global include files...
INFO: [USF-XSim-98] Fetching design files from 'sim_1'...
INFO: [USF-XSim-2] XSim::Compile design
INFO: [USF-XSim-61] Executing 'COMPILE and ANALYZE' step in 'C:/Users/240605/Documents/digital-electronics-1/06-counter/counter/counter.sim/sim_1/behav/xsim'
"xvhdl --incr --relax -prj tb_cnt_up_down_vhdl.prj"
INFO: [VRFC 10-163] Analyzing VHDL file "C:/Users/240605/Documents/digital-electronics-1/06-counter/counter/counter.srcs/sources_1/new/cnt_up_down.vhd" into library xil_defaultlib
INFO: [VRFC 10-3107] analyzing entity 'cnt_up_down'
INFO: [VRFC 10-163] Analyzing VHDL file "C:/Users/240605/Documents/digital-electronics-1/06-counter/counter/counter.srcs/sim_1/new/tb_cnt_up_down.vhd" into library xil_defaultlib
INFO: [VRFC 10-3107] analyzing entity 'tb_cnt_up_down'
INFO: [USF-XSim-69] 'compile' step finished in '2' seconds
INFO: [USF-XSim-3] XSim::Elaborate design
INFO: [USF-XSim-61] Executing 'ELABORATE' step in 'C:/Users/240605/Documents/digital-electronics-1/06-counter/counter/counter.sim/sim_1/behav/xsim'
"xelab -wto 14bea5420f804dde838f570365a20559 --incr --debug typical --relax --mt 2 -L xil_defaultlib -L secureip --snapshot tb_cnt_up_down_behav xil_defaultlib.tb_cnt_up_down -log elaborate.log"
Vivado Simulator 2020.2
Copyright 1986-1999, 2001-2020 Xilinx, Inc. All Rights Reserved.
Running: C:/appz/Xilinx/Vivado/2020.2/bin/unwrapped/win64.o/xelab.exe -wto 14bea5420f804dde838f570365a20559 --incr --debug typical --relax --mt 2 -L xil_defaultlib -L secureip --snapshot tb_cnt_up_down_behav xil_defaultlib.tb_cnt_up_down -log elaborate.log 
Using 2 slave threads.
Starting static elaboration
Completed static elaboration
Starting simulation data flow analysis
Completed simulation data flow analysis
Time Resolution for simulation is 1ps
Compiling package std.standard
Compiling package std.textio
Compiling package ieee.std_logic_1164
Compiling package ieee.numeric_std
Compiling architecture behavioral of entity xil_defaultlib.cnt_up_down [\cnt_up_down(g_cnt_width=3)\]
Compiling architecture testbench of entity xil_defaultlib.tb_cnt_up_down
Built simulation snapshot tb_cnt_up_down_behav

****** Webtalk v2020.2 (64-bit)
  **** SW Build 3064766 on Wed Nov 18 09:12:45 MST 2020
  **** IP Build 3064653 on Wed Nov 18 14:17:31 MST 2020
    ** Copyright 1986-2020 Xilinx, Inc. All Rights Reserved.

source C:/Users/240605/Documents/digital-electronics-1/06-counter/counter/counter.sim/sim_1/behav/xsim/xsim.dir/tb_cnt_up_down_behav/webtalk/xsim_webtalk.tcl -notrace
INFO: [Common 17-186] 'C:/Users/240605/Documents/digital-electronics-1/06-counter/counter/counter.sim/sim_1/behav/xsim/xsim.dir/tb_cnt_up_down_behav/webtalk/usage_statistics_ext_xsim.xml' has been successfully sent to Xilinx on Wed Mar 15 13:39:53 2023. For additional details about this file, please refer to the WebTalk help file at C:/appz/Xilinx/Vivado/2020.2/doc/webtalk_introduction.html.
INFO: [Common 17-206] Exiting Webtalk at Wed Mar 15 13:39:53 2023...
run_program: Time (s): cpu = 00:00:02 ; elapsed = 00:00:05 . Memory (MB): peak = 999.184 ; gain = 0.000
INFO: [USF-XSim-69] 'elaborate' step finished in '5' seconds
INFO: [USF-XSim-4] XSim::Simulate design
INFO: [USF-XSim-61] Executing 'SIMULATE' step in 'C:/Users/240605/Documents/digital-electronics-1/06-counter/counter/counter.sim/sim_1/behav/xsim'
INFO: [USF-XSim-98] *** Running xsim
   with args "tb_cnt_up_down_behav -key {Behavioral:sim_1:Functional:tb_cnt_up_down} -tclbatch {tb_cnt_up_down.tcl} -log {simulate.log}"
INFO: [USF-XSim-8] Loading simulator feature
Vivado Simulator 2020.2
Time resolution is 1 ps
source tb_cnt_up_down.tcl
# set curr_wave [current_wave_config]
# if { [string length $curr_wave] == 0 } {
#   if { [llength [get_objects]] > 0} {
#     add_wave /
#     set_property needs_save false [current_wave_config]
#   } else {
#      send_msg_id Add_Wave-1 WARNING "No top level signals found. Simulator will start without a wave window. If you want to open a wave window go to 'File->New Waveform Configuration' or type 'create_wave_config' in the TCL console."
#   }
# }
# run 1000ns
Note: Stimulus process started
Time: 0 ps  Iteration: 0  Process: /tb_cnt_up_down/p_stimulus  File: C:/Users/240605/Documents/digital-electronics-1/06-counter/counter/counter.srcs/sim_1/new/tb_cnt_up_down.vhd
Note: Stimulus process finished
Time: 652 ns  Iteration: 0  Process: /tb_cnt_up_down/p_stimulus  File: C:/Users/240605/Documents/digital-electronics-1/06-counter/counter/counter.srcs/sim_1/new/tb_cnt_up_down.vhd
INFO: [USF-XSim-96] XSim completed. Design snapshot 'tb_cnt_up_down_behav' loaded.
INFO: [USF-XSim-97] XSim simulation ran for 1000ns
launch_simulation: Time (s): cpu = 00:00:07 ; elapsed = 00:00:10 . Memory (MB): peak = 999.184 ; gain = 0.000
close_sim
INFO: [Simtcl 6-16] Simulation closed
close_sim: Time (s): cpu = 00:00:01 ; elapsed = 00:00:06 . Memory (MB): peak = 999.184 ; gain = 0.000
launch_simulation
Command: launch_simulation 
INFO: [Vivado 12-5682] Launching behavioral simulation in 'C:/Users/240605/Documents/digital-electronics-1/06-counter/counter/counter.sim/sim_1/behav/xsim'
INFO: [SIM-utils-51] Simulation object is 'sim_1'
INFO: [SIM-utils-54] Inspecting design source files for 'tb_cnt_up_down' in fileset 'sim_1'...
INFO: [USF-XSim-97] Finding global include files...
INFO: [USF-XSim-98] Fetching design files from 'sim_1'...
INFO: [USF-XSim-2] XSim::Compile design
INFO: [USF-XSim-61] Executing 'COMPILE and ANALYZE' step in 'C:/Users/240605/Documents/digital-electronics-1/06-counter/counter/counter.sim/sim_1/behav/xsim'
"xvhdl --incr --relax -prj tb_cnt_up_down_vhdl.prj"
INFO: [VRFC 10-163] Analyzing VHDL file "C:/Users/240605/Documents/digital-electronics-1/06-counter/counter/counter.srcs/sources_1/new/cnt_up_down.vhd" into library xil_defaultlib
INFO: [VRFC 10-3107] analyzing entity 'cnt_up_down'
INFO: [VRFC 10-163] Analyzing VHDL file "C:/Users/240605/Documents/digital-electronics-1/06-counter/counter/counter.srcs/sim_1/new/tb_cnt_up_down.vhd" into library xil_defaultlib
INFO: [VRFC 10-3107] analyzing entity 'tb_cnt_up_down'
INFO: [USF-XSim-69] 'compile' step finished in '1' seconds
INFO: [USF-XSim-3] XSim::Elaborate design
INFO: [USF-XSim-61] Executing 'ELABORATE' step in 'C:/Users/240605/Documents/digital-electronics-1/06-counter/counter/counter.sim/sim_1/behav/xsim'
"xelab -wto 14bea5420f804dde838f570365a20559 --incr --debug typical --relax --mt 2 -L xil_defaultlib -L secureip --snapshot tb_cnt_up_down_behav xil_defaultlib.tb_cnt_up_down -log elaborate.log"
Vivado Simulator 2020.2
Copyright 1986-1999, 2001-2020 Xilinx, Inc. All Rights Reserved.
Running: C:/appz/Xilinx/Vivado/2020.2/bin/unwrapped/win64.o/xelab.exe -wto 14bea5420f804dde838f570365a20559 --incr --debug typical --relax --mt 2 -L xil_defaultlib -L secureip --snapshot tb_cnt_up_down_behav xil_defaultlib.tb_cnt_up_down -log elaborate.log 
Using 2 slave threads.
Starting static elaboration
Completed static elaboration
Starting simulation data flow analysis
Completed simulation data flow analysis
Time Resolution for simulation is 1ps
Compiling package std.standard
Compiling package std.textio
Compiling package ieee.std_logic_1164
Compiling package ieee.numeric_std
Compiling architecture behavioral of entity xil_defaultlib.cnt_up_down [\cnt_up_down(g_cnt_width=3)\]
Compiling architecture testbench of entity xil_defaultlib.tb_cnt_up_down
Built simulation snapshot tb_cnt_up_down_behav
INFO: [USF-XSim-69] 'elaborate' step finished in '2' seconds
INFO: [USF-XSim-4] XSim::Simulate design
INFO: [USF-XSim-61] Executing 'SIMULATE' step in 'C:/Users/240605/Documents/digital-electronics-1/06-counter/counter/counter.sim/sim_1/behav/xsim'
INFO: [USF-XSim-98] *** Running xsim
   with args "tb_cnt_up_down_behav -key {Behavioral:sim_1:Functional:tb_cnt_up_down} -tclbatch {tb_cnt_up_down.tcl} -log {simulate.log}"
INFO: [USF-XSim-8] Loading simulator feature
Vivado Simulator 2020.2
Time resolution is 1 ps
source tb_cnt_up_down.tcl
# set curr_wave [current_wave_config]
# if { [string length $curr_wave] == 0 } {
#   if { [llength [get_objects]] > 0} {
#     add_wave /
#     set_property needs_save false [current_wave_config]
#   } else {
#      send_msg_id Add_Wave-1 WARNING "No top level signals found. Simulator will start without a wave window. If you want to open a wave window go to 'File->New Waveform Configuration' or type 'create_wave_config' in the TCL console."
#   }
# }
# run 1000ns
Note: Stimulus process started
Time: 0 ps  Iteration: 0  Process: /tb_cnt_up_down/p_stimulus  File: C:/Users/240605/Documents/digital-electronics-1/06-counter/counter/counter.srcs/sim_1/new/tb_cnt_up_down.vhd
Note: Stimulus process finished
Time: 652 ns  Iteration: 0  Process: /tb_cnt_up_down/p_stimulus  File: C:/Users/240605/Documents/digital-electronics-1/06-counter/counter/counter.srcs/sim_1/new/tb_cnt_up_down.vhd
INFO: [USF-XSim-96] XSim completed. Design snapshot 'tb_cnt_up_down_behav' loaded.
INFO: [USF-XSim-97] XSim simulation ran for 1000ns
launch_simulation: Time (s): cpu = 00:00:04 ; elapsed = 00:00:05 . Memory (MB): peak = 999.184 ; gain = 0.000
close [ open C:/Users/240605/Documents/digital-electronics-1/06-counter/counter/counter.srcs/sources_1/new/top.vhd w ]
add_files C:/Users/240605/Documents/digital-electronics-1/06-counter/counter/counter.srcs/sources_1/new/top.vhd
update_compile_order -fileset sources_1
add_files -norecurse C:/Users/240605/Documents/digital-electronics-1/06-counter/counter/counter.srcs/sources_1/new/hex_7seg.vhd
update_compile_order -fileset sources_1
update_compile_order -fileset sources_1
file mkdir C:/Users/240605/Documents/digital-electronics-1/06-counter/counter/counter.srcs/constrs_1
file mkdir C:/Users/240605/Documents/digital-electronics-1/06-counter/counter/counter.srcs/constrs_1/new
close [ open C:/Users/240605/Documents/digital-electronics-1/06-counter/counter/counter.srcs/constrs_1/new/nexys-a7-50t.xdc w ]
add_files -fileset constrs_1 C:/Users/240605/Documents/digital-electronics-1/06-counter/counter/counter.srcs/constrs_1/new/nexys-a7-50t.xdc
launch_runs impl_1 -to_step write_bitstream -jobs 2
[Wed Mar 15 14:14:59 2023] Launched synth_1...
Run output will be captured here: C:/Users/240605/Documents/digital-electronics-1/06-counter/counter/counter.runs/synth_1/runme.log
[Wed Mar 15 14:14:59 2023] Launched impl_1...
Run output will be captured here: C:/Users/240605/Documents/digital-electronics-1/06-counter/counter/counter.runs/impl_1/runme.log
open_hw_manager
connect_hw_server -allow_non_jtag
INFO: [Labtools 27-2285] Connecting to hw_server url TCP:localhost:3121
INFO: [Labtools 27-2222] Launching hw_server...
INFO: [Labtools 27-2221] Launch Output:

****** Xilinx hw_server v2020.2
  **** Build date : Nov 18 2020 at 10:01:48
    ** Copyright 1986-2020 Xilinx, Inc. All Rights Reserved.


INFO: [Labtools 27-3415] Connecting to cs_server url TCP:localhost:3042
INFO: [Labtools 27-3417] Launching cs_server...
INFO: [Labtools 27-2221] Launch Output:


******** Xilinx cs_server v2020.2
  ****** Build date   : Nov 03 2020-22:02:56
    **** Build number : 2020.2.1604437376
      ** Copyright 2017-2020 Xilinx, Inc. All Rights Reserved.



connect_hw_server: Time (s): cpu = 00:00:01 ; elapsed = 00:00:08 . Memory (MB): peak = 999.184 ; gain = 0.000
open_hw_target
INFO: [Labtoolstcl 44-466] Opening hw_target localhost:3121/xilinx_tcf/Digilent/210292AD2E1FA
open_hw_target: Time (s): cpu = 00:00:05 ; elapsed = 00:00:05 . Memory (MB): peak = 2479.531 ; gain = 1480.348
current_hw_device [get_hw_devices xc7a50t_0]
refresh_hw_device -update_hw_probes false [lindex [get_hw_devices xc7a50t_0] 0]
INFO: [Labtools 27-1434] Device xc7a50t (JTAG device index = 0) is programmed with a design that has no supported debug core(s) in it.
reset_run synth_1
launch_runs impl_1 -to_step write_bitstream -jobs 2
[Wed Mar 15 14:17:12 2023] Launched synth_1...
Run output will be captured here: C:/Users/240605/Documents/digital-electronics-1/06-counter/counter/counter.runs/synth_1/runme.log
[Wed Mar 15 14:17:12 2023] Launched impl_1...
Run output will be captured here: C:/Users/240605/Documents/digital-electronics-1/06-counter/counter/counter.runs/impl_1/runme.log
reset_run synth_1
launch_runs impl_1 -to_step write_bitstream -jobs 2
[Wed Mar 15 14:19:03 2023] Launched synth_1...
Run output will be captured here: C:/Users/240605/Documents/digital-electronics-1/06-counter/counter/counter.runs/synth_1/runme.log
[Wed Mar 15 14:19:03 2023] Launched impl_1...
Run output will be captured here: C:/Users/240605/Documents/digital-electronics-1/06-counter/counter/counter.runs/impl_1/runme.log
open_run impl_1
INFO: [Device 21-403] Loading part xc7a50ticsg324-1L
Netlist sorting complete. Time (s): cpu = 00:00:00 ; elapsed = 00:00:00 . Memory (MB): peak = 2850.859 ; gain = 0.000
INFO: [Netlist 29-17] Analyzing 8 Unisim elements for replacement
INFO: [Netlist 29-28] Unisim Transformation completed in 0 CPU seconds
INFO: [Project 1-479] Netlist was created with Vivado 2020.2
INFO: [Project 1-570] Preparing netlist for logic optimization
INFO: [Timing 38-478] Restoring timing data from binary archive.
INFO: [Timing 38-479] Binary timing data restore complete.
INFO: [Project 1-856] Restoring constraints from binary archive.
INFO: [Project 1-853] Binary constraint restore complete.
Reading XDEF placement.
Reading placer database...
Reading XDEF routing.
Read XDEF File: Time (s): cpu = 00:00:00 ; elapsed = 00:00:00.034 . Memory (MB): peak = 3485.445 ; gain = 0.000
Restored from archive | CPU: 0.000000 secs | Memory: 0.000000 MB |
Finished XDEF File Restore: Time (s): cpu = 00:00:00 ; elapsed = 00:00:00.034 . Memory (MB): peak = 3485.445 ; gain = 0.000
Netlist sorting complete. Time (s): cpu = 00:00:00 ; elapsed = 00:00:00 . Memory (MB): peak = 3485.445 ; gain = 0.000
INFO: [Project 1-111] Unisim Transformation Summary:
No Unisim elements were transformed.

open_run: Time (s): cpu = 00:00:25 ; elapsed = 00:00:23 . Memory (MB): peak = 3597.406 ; gain = 1080.246
WARNING: [Timing 38-313] There are no user specified timing constraints. Timing constraints are needed for proper timing analysis.
set_property PROBES.FILE {} [get_hw_devices xc7a50t_0]
set_property FULL_PROBES.FILE {} [get_hw_devices xc7a50t_0]
set_property PROGRAM.FILE {C:/Users/240605/Documents/digital-electronics-1/06-counter/counter/counter.runs/impl_1/top.bit} [get_hw_devices xc7a50t_0]
program_hw_devices [get_hw_devices xc7a50t_0]
INFO: [Labtools 27-3164] End of startup status: HIGH
refresh_hw_device [lindex [get_hw_devices xc7a50t_0] 0]
INFO: [Labtools 27-1434] Device xc7a50t (JTAG device index = 0) is programmed with a design that has no supported debug core(s) in it.
reset_run synth_1
launch_runs impl_1 -jobs 2
[Wed Mar 15 14:27:09 2023] Launched synth_1...
Run output will be captured here: C:/Users/240605/Documents/digital-electronics-1/06-counter/counter/counter.runs/synth_1/runme.log
[Wed Mar 15 14:27:09 2023] Launched impl_1...
Run output will be captured here: C:/Users/240605/Documents/digital-electronics-1/06-counter/counter/counter.runs/impl_1/runme.log
launch_runs impl_1 -to_step write_bitstream -jobs 2
[Wed Mar 15 14:29:07 2023] Launched impl_1...
Run output will be captured here: C:/Users/240605/Documents/digital-electronics-1/06-counter/counter/counter.runs/impl_1/runme.log
set_property PROBES.FILE {} [get_hw_devices xc7a50t_0]
set_property FULL_PROBES.FILE {} [get_hw_devices xc7a50t_0]
set_property PROGRAM.FILE {C:/Users/240605/Documents/digital-electronics-1/06-counter/counter/counter.runs/impl_1/top.bit} [get_hw_devices xc7a50t_0]
program_hw_devices [get_hw_devices xc7a50t_0]
INFO: [Labtools 27-3164] End of startup status: HIGH
refresh_hw_device [lindex [get_hw_devices xc7a50t_0] 0]
INFO: [Labtools 27-1434] Device xc7a50t (JTAG device index = 0) is programmed with a design that has no supported debug core(s) in it.
set_property PROBES.FILE {} [get_hw_devices xc7a50t_0]
set_property FULL_PROBES.FILE {} [get_hw_devices xc7a50t_0]
set_property PROGRAM.FILE {C:/Users/240605/Documents/digital-electronics-1/06-counter/counter/counter.runs/impl_1/top.bit} [get_hw_devices xc7a50t_0]
program_hw_devices [get_hw_devices xc7a50t_0]
INFO: [Labtools 27-3164] End of startup status: HIGH
refresh_hw_device [lindex [get_hw_devices xc7a50t_0] 0]
INFO: [Labtools 27-1434] Device xc7a50t (JTAG device index = 0) is programmed with a design that has no supported debug core(s) in it.
reset_run impl_1
launch_runs impl_1 -jobs 2
[Wed Mar 15 14:31:35 2023] Launched impl_1...
Run output will be captured here: C:/Users/240605/Documents/digital-electronics-1/06-counter/counter/counter.runs/impl_1/runme.log
launch_runs impl_1 -to_step write_bitstream -jobs 2
[Wed Mar 15 14:32:57 2023] Launched impl_1...
Run output will be captured here: C:/Users/240605/Documents/digital-electronics-1/06-counter/counter/counter.runs/impl_1/runme.log
set_property PROBES.FILE {} [get_hw_devices xc7a50t_0]
set_property FULL_PROBES.FILE {} [get_hw_devices xc7a50t_0]
set_property PROGRAM.FILE {C:/Users/240605/Documents/digital-electronics-1/06-counter/counter/counter.runs/impl_1/top.bit} [get_hw_devices xc7a50t_0]
program_hw_devices [get_hw_devices xc7a50t_0]
INFO: [Labtools 27-3164] End of startup status: HIGH
refresh_hw_device [lindex [get_hw_devices xc7a50t_0] 0]
INFO: [Labtools 27-1434] Device xc7a50t (JTAG device index = 0) is programmed with a design that has no supported debug core(s) in it.
reset_run synth_1
launch_runs impl_1 -jobs 2
[Wed Mar 15 14:35:51 2023] Launched synth_1...
Run output will be captured here: C:/Users/240605/Documents/digital-electronics-1/06-counter/counter/counter.runs/synth_1/runme.log
[Wed Mar 15 14:35:52 2023] Launched impl_1...
Run output will be captured here: C:/Users/240605/Documents/digital-electronics-1/06-counter/counter/counter.runs/impl_1/runme.log
launch_runs impl_1 -to_step write_bitstream -jobs 2
[Wed Mar 15 14:37:30 2023] Launched impl_1...
Run output will be captured here: C:/Users/240605/Documents/digital-electronics-1/06-counter/counter/counter.runs/impl_1/runme.log
refresh_design
Netlist sorting complete. Time (s): cpu = 00:00:00 ; elapsed = 00:00:00.001 . Memory (MB): peak = 3648.246 ; gain = 0.000
INFO: [Netlist 29-17] Analyzing 8 Unisim elements for replacement
INFO: [Netlist 29-28] Unisim Transformation completed in 0 CPU seconds
INFO: [Project 1-479] Netlist was created with Vivado 2020.2
INFO: [Project 1-570] Preparing netlist for logic optimization
INFO: [Timing 38-478] Restoring timing data from binary archive.
INFO: [Timing 38-479] Binary timing data restore complete.
INFO: [Project 1-856] Restoring constraints from binary archive.
INFO: [Project 1-853] Binary constraint restore complete.
Reading XDEF placement.
Reading placer database...
Reading XDEF routing.
Read XDEF File: Time (s): cpu = 00:00:00 ; elapsed = 00:00:00.046 . Memory (MB): peak = 3648.246 ; gain = 0.000
Restored from archive | CPU: 0.000000 secs | Memory: 0.000000 MB |
Finished XDEF File Restore: Time (s): cpu = 00:00:00 ; elapsed = 00:00:00.046 . Memory (MB): peak = 3648.246 ; gain = 0.000
refresh_design: Time (s): cpu = 00:00:10 ; elapsed = 00:00:05 . Memory (MB): peak = 3648.246 ; gain = 40.562
WARNING: [Timing 38-313] There are no user specified timing constraints. Timing constraints are needed for proper timing analysis.
set_property PROBES.FILE {} [get_hw_devices xc7a50t_0]
set_property FULL_PROBES.FILE {} [get_hw_devices xc7a50t_0]
set_property PROGRAM.FILE {C:/Users/240605/Documents/digital-electronics-1/06-counter/counter/counter.runs/impl_1/top.bit} [get_hw_devices xc7a50t_0]
program_hw_devices [get_hw_devices xc7a50t_0]
INFO: [Labtools 27-3164] End of startup status: HIGH
refresh_hw_device [lindex [get_hw_devices xc7a50t_0] 0]
INFO: [Labtools 27-1434] Device xc7a50t (JTAG device index = 0) is programmed with a design that has no supported debug core(s) in it.
reset_run synth_1
launch_runs impl_1 -jobs 2
[Wed Mar 15 14:39:46 2023] Launched synth_1...
Run output will be captured here: C:/Users/240605/Documents/digital-electronics-1/06-counter/counter/counter.runs/synth_1/runme.log
[Wed Mar 15 14:39:46 2023] Launched impl_1...
Run output will be captured here: C:/Users/240605/Documents/digital-electronics-1/06-counter/counter/counter.runs/impl_1/runme.log
launch_runs impl_1 -to_step write_bitstream -jobs 2
[Wed Mar 15 14:41:16 2023] Launched impl_1...
Run output will be captured here: C:/Users/240605/Documents/digital-electronics-1/06-counter/counter/counter.runs/impl_1/runme.log
set_property PROBES.FILE {} [get_hw_devices xc7a50t_0]
set_property FULL_PROBES.FILE {} [get_hw_devices xc7a50t_0]
set_property PROGRAM.FILE {C:/Users/240605/Documents/digital-electronics-1/06-counter/counter/counter.runs/impl_1/top.bit} [get_hw_devices xc7a50t_0]
program_hw_devices [get_hw_devices xc7a50t_0]
INFO: [Labtools 27-3164] End of startup status: HIGH
refresh_hw_device [lindex [get_hw_devices xc7a50t_0] 0]
INFO: [Labtools 27-1434] Device xc7a50t (JTAG device index = 0) is programmed with a design that has no supported debug core(s) in it.
ERROR: [Labtoolstcl 44-513] HW Target shutdown. Closing target: localhost:3121/xilinx_tcf/Digilent/210292AD2E1FA
close_sim
INFO: [Simtcl 6-16] Simulation closed
exit
INFO: [Common 17-206] Exiting Vivado at Wed Mar 15 14:42:40 2023...
